[INFO] Scanning for projects...
[INFO] 
[INFO] ------------------------< com.example:aicourse >------------------------
[INFO] Building aicourse 1.0.0
[INFO]   from pom.xml
[INFO] --------------------------------[ jar ]---------------------------------
[INFO] 
[INFO] >>> spring-boot:3.2.6:run (default-cli) > test-compile @ aicourse >>>
[INFO] 
[INFO] --- resources:3.3.1:resources (default-resources) @ aicourse ---
[INFO] Copying 1 resource from src/main/resources to target/classes
[INFO] Copying 2 resources from src/main/resources to target/classes
[INFO] 
[INFO] --- compiler:3.11.0:compile (default-compile) @ aicourse ---
[INFO] Nothing to compile - all classes are up to date
[INFO] 
[INFO] --- resources:3.3.1:testResources (default-testResources) @ aicourse ---
[INFO] Not copying test resources
[INFO] 
[INFO] --- compiler:3.11.0:testCompile (default-testCompile) @ aicourse ---
[INFO] Not compiling test sources
[INFO] 
[INFO] <<< spring-boot:3.2.6:run (default-cli) < test-compile @ aicourse <<<
[INFO] 
[INFO] 
[INFO] --- spring-boot:3.2.6:run (default-cli) @ aicourse ---
[INFO] Attaching agents: []

  .   ____          _            __ _ _
 /\\ / ___'_ __ _ _(_)_ __  __ _ \ \ \ \
( ( )\___ | '_ | '_| | '_ \/ _` | \ \ \ \
 \\/  ___)| |_)| | | | | || (_| |  ) ) ) )
  '  |____| .__|_| |_|_| |_\__, | / / / /
 =========|_|==============|___/=/_/_/_/
 :: Spring Boot ::                (v3.2.6)

2025-07-12T03:10:38.858+08:00  INFO 41205 --- [           main] c.example.aicourse.AICourseApplication   : Starting AICourseApplication using Java 17.0.15 with PID 41205 (/Users/mm/IdeaProjects/ai-course-platform/backend/target/classes started by mm in /Users/mm/IdeaProjects/ai-course-platform/backend)
2025-07-12T03:10:38.859+08:00  INFO 41205 --- [           main] c.example.aicourse.AICourseApplication   : No active profile set, falling back to 1 default profile: "default"
2025-07-12T03:10:39.196+08:00  INFO 41205 --- [           main] .s.d.r.c.RepositoryConfigurationDelegate : Multiple Spring Data modules found, entering strict repository configuration mode
2025-07-12T03:10:39.197+08:00  INFO 41205 --- [           main] .s.d.r.c.RepositoryConfigurationDelegate : Bootstrapping Spring Data Redis repositories in DEFAULT mode.
2025-07-12T03:10:39.208+08:00  INFO 41205 --- [           main] .s.d.r.c.RepositoryConfigurationDelegate : Finished Spring Data repository scanning in 6 ms. Found 0 Redis repository interfaces.
2025-07-12T03:10:39.455+08:00  INFO 41205 --- [           main] o.s.b.w.embedded.tomcat.TomcatWebServer  : Tomcat initialized with port 8080 (http)
2025-07-12T03:10:39.458+08:00  INFO 41205 --- [           main] o.apache.catalina.core.StandardService   : Starting service [Tomcat]
2025-07-12T03:10:39.458+08:00  INFO 41205 --- [           main] o.apache.catalina.core.StandardEngine    : Starting Servlet engine: [Apache Tomcat/10.1.24]
2025-07-12T03:10:39.484+08:00  INFO 41205 --- [           main] o.a.c.c.C.[Tomcat].[localhost].[/]       : Initializing Spring embedded WebApplicationContext
2025-07-12T03:10:39.484+08:00  INFO 41205 --- [           main] w.s.c.ServletWebServerApplicationContext : Root WebApplicationContext: initialization completed in 611 ms
Logging initialized using 'class org.apache.ibatis.logging.stdout.StdOutImpl' adapter.
Use localhost address 
Get moshengrendeMacBook-Air.local/127.0.0.1 network interface 
Get network interface info: name:lo0 (lo0)
Initialization Sequence datacenterId:0 workerId:10
 _ _   |_  _ _|_. ___ _ |    _ 
| | |\/|_)(_| | |_\  |_)||_|_\ 
     /               |         
                        3.5.6 
2025-07-12T03:10:40.158+08:00  INFO 41205 --- [           main] o.s.b.a.e.web.EndpointLinksResolver      : Exposing 1 endpoint(s) beneath base path '/actuator'
2025-07-12T03:10:40.198+08:00  INFO 41205 --- [           main] o.s.s.web.DefaultSecurityFilterChain     : Will secure any request with [org.springframework.security.web.session.DisableEncodeUrlFilter@508b4f70, org.springframework.security.web.context.request.async.WebAsyncManagerIntegrationFilter@32f14274, org.springframework.security.web.context.SecurityContextHolderFilter@184bb873, org.springframework.security.web.header.HeaderWriterFilter@8c3b634, org.springframework.web.filter.CorsFilter@7af56b26, org.springframework.security.web.authentication.logout.LogoutFilter@4ae6451d, com.example.aicourse.config.JwtRequestFilter@604c7e9b, org.springframework.security.web.savedrequest.RequestCacheAwareFilter@5eba9e41, org.springframework.security.web.servletapi.SecurityContextHolderAwareRequestFilter@13809363, org.springframework.security.web.authentication.AnonymousAuthenticationFilter@c86c486, org.springframework.security.web.session.SessionManagementFilter@2dbb8da0, org.springframework.security.web.access.ExceptionTranslationFilter@417751d3, org.springframework.security.web.access.intercept.AuthorizationFilter@44e4cf8a]
2025-07-12T03:10:40.375+08:00  INFO 41205 --- [           main] o.s.b.w.embedded.tomcat.TomcatWebServer  : Tomcat started on port 8080 (http) with context path ''
2025-07-12T03:10:40.381+08:00  INFO 41205 --- [           main] c.example.aicourse.AICourseApplication   : Started AICourseApplication in 1.638 seconds (process running for 1.76)
[INFO] ------------------------------------------------------------------------
[INFO] BUILD FAILURE
[INFO] ------------------------------------------------------------------------
[INFO] Total time:  06:11 h
[INFO] Finished at: 2025-07-12T09:22:36+08:00
[INFO] ------------------------------------------------------------------------
[ERROR] Failed to execute goal org.springframework.boot:spring-boot-maven-plugin:3.2.6:run (default-cli) on project aicourse: Process terminated with exit code: 137 -> [Help 1]
[ERROR] 
[ERROR] To see the full stack trace of the errors, re-run Maven with the -e switch.
[ERROR] Re-run Maven using the -X switch to enable full debug logging.
[ERROR] 
[ERROR] For more information about the errors and possible solutions, please read the following articles:
[ERROR] [Help 1] http://cwiki.apache.org/confluence/display/MAVEN/MojoExecutionException
